{
  "RSpec": {
    "coverage": {
      "/Users/johnfigueiredo/rails_projects/four_score/app/controllers/application_controller.rb": [
        1,
        1,
        null
      ],
      "/Users/johnfigueiredo/rails_projects/four_score/app/helpers/application_helper.rb": [
        1,
        null
      ],
      "/Users/johnfigueiredo/rails_projects/four_score/app/helpers/top_word_helper.rb": [
        1,
        null
      ],
      "/Users/johnfigueiredo/rails_projects/four_score/app/helpers/top_words_helper.rb": [
        1,
        null
      ],
      "/Users/johnfigueiredo/rails_projects/four_score/app/controllers/top_words_controller.rb": [
        1,
        1,
        1,
        null,
        null,
        1,
        1,
        1,
        null,
        null,
        1,
        1,
        null,
        null,
        1,
        1,
        null,
        null,
        1,
        1,
        null,
        null,
        1,
        1,
        null,
        null,
        1,
        2,
        null,
        2,
        2,
        2,
        1,
        null,
        2,
        1,
        null,
        null,
        null,
        null,
        1,
        2,
        null,
        2,
        2,
        2,
        1,
        null,
        2,
        1,
        null,
        null,
        null,
        null,
        1,
        1,
        1,
        1,
        null,
        null,
        1,
        1,
        1,
        null,
        null
      ],
      "/Users/johnfigueiredo/rails_projects/four_score/app/models/top_word.rb": [
        1,
        1,
        null,
        1,
        1,
        null,
        1,
        null,
        1,
        null,
        3,
        3,
        null,
        3,
        null,
        null,
        1,
        null,
        2,
        2,
        null,
        2,
        null,
        2,
        526,
        312,
        2,
        null,
        2,
        310,
        310,
        null,
        null,
        null
      ]
    },
    "timestamp": 1370647853
  }
}
